0 info it worked if it ends with ok
1 verbose cli [ '/usr/bin/node', '/usr/bin/npm', 'start' ]
2 info using npm@3.5.2
3 info using node@v8.10.0
4 verbose run-script [ 'prestart', 'start', 'poststart' ]
5 info lifecycle lesson1@1.0.0~prestart: lesson1@1.0.0
6 verbose lifecycle lesson1@1.0.0~prestart: unsafe-perm in lifecycle true
7 verbose lifecycle lesson1@1.0.0~prestart: PATH: /usr/share/npm/bin/node-gyp-bin:/home/davidoh/Documents/490_Comp/React_Front_End/node_modules/.bin:/usr/local/sbin:/usr/local/bin:/usr/sbin:/usr/bin:/sbin:/bin:/snap/bin
8 verbose lifecycle lesson1@1.0.0~prestart: CWD: /home/davidoh/Documents/490_Comp/React_Front_End
9 silly lifecycle lesson1@1.0.0~prestart: Args: [ '-c', 'npm install -g webpack' ]
10 silly lifecycle lesson1@1.0.0~prestart: Returned: code: 0  signal: null
11 info lifecycle lesson1@1.0.0~start: lesson1@1.0.0
12 verbose lifecycle lesson1@1.0.0~start: unsafe-perm in lifecycle true
13 verbose lifecycle lesson1@1.0.0~start: PATH: /usr/share/npm/bin/node-gyp-bin:/home/davidoh/Documents/490_Comp/React_Front_End/node_modules/.bin:/usr/local/sbin:/usr/local/bin:/usr/sbin:/usr/bin:/sbin:/bin:/snap/bin
14 verbose lifecycle lesson1@1.0.0~start: CWD: /home/davidoh/Documents/490_Comp/React_Front_End
15 silly lifecycle lesson1@1.0.0~start: Args: [ '-c', 'npm install' ]
16 silly lifecycle lesson1@1.0.0~start: Returned: code: 0  signal: null
17 info lifecycle lesson1@1.0.0~poststart: lesson1@1.0.0
18 verbose lifecycle lesson1@1.0.0~poststart: unsafe-perm in lifecycle true
19 verbose lifecycle lesson1@1.0.0~poststart: PATH: /usr/share/npm/bin/node-gyp-bin:/home/davidoh/Documents/490_Comp/React_Front_End/node_modules/.bin:/usr/local/sbin:/usr/local/bin:/usr/sbin:/usr/bin:/sbin:/bin:/snap/bin
20 verbose lifecycle lesson1@1.0.0~poststart: CWD: /home/davidoh/Documents/490_Comp/React_Front_End
21 silly lifecycle lesson1@1.0.0~poststart: Args: [ '-c',
21 silly lifecycle   'webpack-dev-server --hot --mode development --config webpack.config.js' ]
22 silly lifecycle lesson1@1.0.0~poststart: Returned: code: 1  signal: null
23 info lifecycle lesson1@1.0.0~poststart: Failed to exec poststart script
24 verbose stack Error: lesson1@1.0.0 poststart: `webpack-dev-server --hot --mode development --config webpack.config.js`
24 verbose stack Exit status 1
24 verbose stack     at EventEmitter.<anonymous> (/usr/share/npm/lib/utils/lifecycle.js:232:16)
24 verbose stack     at emitTwo (events.js:126:13)
24 verbose stack     at EventEmitter.emit (events.js:214:7)
24 verbose stack     at ChildProcess.<anonymous> (/usr/share/npm/lib/utils/spawn.js:24:14)
24 verbose stack     at emitTwo (events.js:126:13)
24 verbose stack     at ChildProcess.emit (events.js:214:7)
24 verbose stack     at maybeClose (internal/child_process.js:925:16)
24 verbose stack     at Process.ChildProcess._handle.onexit (internal/child_process.js:209:5)
25 verbose pkgid lesson1@1.0.0
26 verbose cwd /home/davidoh/Documents/490_Comp/React_Front_End
27 error Linux 4.15.0-45-generic
28 error argv "/usr/bin/node" "/usr/bin/npm" "start"
29 error node v8.10.0
30 error npm  v3.5.2
31 error code ELIFECYCLE
32 error lesson1@1.0.0 poststart: `webpack-dev-server --hot --mode development --config webpack.config.js`
32 error Exit status 1
33 error Failed at the lesson1@1.0.0 poststart script 'webpack-dev-server --hot --mode development --config webpack.config.js'.
33 error Make sure you have the latest version of node.js and npm installed.
33 error If you do, this is most likely a problem with the lesson1 package,
33 error not with npm itself.
33 error Tell the author that this fails on your system:
33 error     webpack-dev-server --hot --mode development --config webpack.config.js
33 error You can get information on how to open an issue for this project with:
33 error     npm bugs lesson1
33 error Or if that isn't available, you can get their info via:
33 error     npm owner ls lesson1
33 error There is likely additional logging output above.
34 verbose exit [ 1, true ]
